This file contains any messages produced by compilers while
running configure, to aid debugging if configure makes a mistake.

It was created by GnuTLS configure 2.12.12, which was
generated by GNU Autoconf 2.68.  Invocation command line was

  $ ./configure --prefix=/usr/local --disable-assembler

## --------- ##
## Platform. ##
## --------- ##

hostname = zainib.olin.edu
uname -m = x86_64
uname -r = 13.0.0
uname -s = Darwin
uname -v = Darwin Kernel Version 13.0.0: Thu Sep 19 22:22:27 PDT 2013; root:xnu-2422.1.72~6/RELEASE_X86_64

/usr/bin/uname -p = i386
/bin/uname -X     = unknown

/bin/arch              = unknown
/usr/bin/arch -k       = unknown
/usr/convex/getsysinfo = unknown
/usr/bin/hostinfo      = Mach kernel version:
	 Darwin Kernel Version 13.0.0: Thu Sep 19 22:22:27 PDT 2013; root:xnu-2422.1.72~6/RELEASE_X86_64
Kernel configured for up to 8 processors.
4 processors are physically available.
8 processors are logically available.
Processor type: i486 (Intel 80486)
Processors active: 0 1 2 3 4 5 6 7
Primary memory available: 16.00 gigabytes
Default processor set: 182 tasks, 926 threads, 8 processors
Load average: 1.13, Mach factor: 6.85
/bin/machine           = unknown
/usr/bin/oslevel       = unknown
/bin/universe          = unknown

PATH: /usr/local/heroku/bin
PATH: /Applications/Android Studio/bin
PATH: /Applications/Android Studio/sdk
PATH: /Applications/Android Studio/sdk/platform-tools
PATH: /Applications/Android Studio/sdk/tools
PATH: /usr/bin
PATH: /bin
PATH: /usr/sbin
PATH: /sbin
PATH: /usr/local/bin
PATH: /opt/X11/bin
PATH: /usr/local/git/bin
PATH: /usr/texbin


## ----------- ##
## Core tests. ##
## ----------- ##

configure:3664: checking for a BSD-compatible install
configure:3732: result: /usr/bin/install -c
configure:3743: checking whether build environment is sane
configure:3793: result: yes
configure:3934: checking for a thread-safe mkdir -p
configure:3973: result: build-aux/install-sh -c -d
configure:3987: checking for gawk
configure:4017: result: no
configure:3987: checking for mawk
configure:4017: result: no
configure:3987: checking for nawk
configure:4017: result: no
configure:3987: checking for awk
configure:4003: found /usr/bin/awk
configure:4014: result: awk
configure:4025: checking whether make sets $(MAKE)
configure:4047: result: yes
configure:4144: result: ***
*** Checking for compilation programs...

configure:4197: checking for gcc
configure:4213: found /usr/bin/gcc
configure:4224: result: gcc
configure:4453: checking for C compiler version
configure:4462: gcc --version >&5
Apple LLVM version 5.0 (clang-500.2.79) (based on LLVM 3.3svn)
Target: x86_64-apple-darwin13.0.0
Thread model: posix
Configured with: --prefix=/Applications/Xcode.app/Contents/Developer/usr --with-gxx-include-dir=/Applications/Xcode.app/Contents/Developer/Platforms/MacOSX.platform/Developer/SDKs/MacOSX10.9.sdk/usr/include/c++/4.2.1
configure:4473: $? = 0
configure:4462: gcc -v >&5
Configured with: --prefix=/Applications/Xcode.app/Contents/Developer/usr --with-gxx-include-dir=/Applications/Xcode.app/Contents/Developer/Platforms/MacOSX.platform/Developer/SDKs/MacOSX10.9.sdk/usr/include/c++/4.2.1
Apple LLVM version 5.0 (clang-500.2.79) (based on LLVM 3.3svn)
Target: x86_64-apple-darwin13.0.0
Thread model: posix
configure:4473: $? = 0
configure:4462: gcc -V >&5
clang: error: argument to '-V' is missing (expected 1 value)
clang: error: no input files
configure:4473: $? = 1
configure:4462: gcc -qversion >&5
clang: error: no input files
configure:4473: $? = 1
configure:4493: checking whether the C compiler works
configure:4515: gcc -m64   conftest.c  >&5
configure:4519: $? = 0
configure:4567: result: yes
configure:4570: checking for C compiler default output file name
configure:4572: result: a.out
configure:4578: checking for suffix of executables
configure:4585: gcc -o conftest -m64   conftest.c  >&5
configure:4589: $? = 0
configure:4611: result: 
configure:4633: checking whether we are cross compiling
configure:4641: gcc -o conftest -m64   conftest.c  >&5
configure:4645: $? = 0
configure:4652: ./conftest
configure:4656: $? = 0
configure:4671: result: no
configure:4676: checking for suffix of object files
configure:4698: gcc -c -m64  conftest.c >&5
configure:4702: $? = 0
configure:4723: result: o
configure:4727: checking whether we are using the GNU C compiler
configure:4746: gcc -c -m64  conftest.c >&5
configure:4746: $? = 0
configure:4755: result: yes
configure:4764: checking whether gcc accepts -g
configure:4784: gcc -c -g  conftest.c >&5
configure:4784: $? = 0
configure:4825: result: yes
configure:4842: checking for gcc option to accept ISO C89
configure:4906: gcc  -c -m64  conftest.c >&5
configure:4906: $? = 0
configure:4919: result: none needed
configure:4950: checking for style of include used by make
configure:4978: result: GNU
configure:5003: checking dependency style of gcc
configure:5113: result: gcc3
configure:5128: checking whether ln -s works
configure:5132: result: yes
configure:5188: checking for pkg-config
configure:5221: result: no
configure:5259: checking for gtkdoc-check
configure:5292: result: no
configure:5301: checking for gtkdoc-rebase
configure:5334: result: no
configure:5345: checking for gtkdoc-mkpdf
configure:5378: result: no
configure:5416: checking whether to build gtk-doc documentation
configure:5418: result: no
configure:5484: checking for gaa
configure:5517: result: no
configure:5528: WARNING: ***
*** GAA was not found.  It is only needed if you wish to modify
*** the source code or command-line description files.  In this case,
*** you may want to get it from http://gaa.sourceforge.net/ and
*** read doc/README.gaa.
***
configure:5543: checking how to run the C preprocessor
configure:5574: gcc -E  conftest.c
configure:5574: $? = 0
configure:5588: gcc -E  conftest.c
conftest.c:11:10: fatal error: 'ac_nonexistent.h' file not found
#include <ac_nonexistent.h>
         ^
1 error generated.
configure:5588: $? = 1
configure: failed program was:
| /* confdefs.h */
| #define PACKAGE_NAME "GnuTLS"
| #define PACKAGE_TARNAME "gnutls"
| #define PACKAGE_VERSION "2.12.12"
| #define PACKAGE_STRING "GnuTLS 2.12.12"
| #define PACKAGE_BUGREPORT "bug-gnutls@gnu.org"
| #define PACKAGE_URL ""
| #define PACKAGE "gnutls"
| #define VERSION "2.12.12"
| /* end confdefs.h.  */
| #include <ac_nonexistent.h>
configure:5613: result: gcc -E
configure:5633: gcc -E  conftest.c
configure:5633: $? = 0
configure:5647: gcc -E  conftest.c
conftest.c:11:10: fatal error: 'ac_nonexistent.h' file not found
#include <ac_nonexistent.h>
         ^
1 error generated.
configure:5647: $? = 1
configure: failed program was:
| /* confdefs.h */
| #define PACKAGE_NAME "GnuTLS"
| #define PACKAGE_TARNAME "gnutls"
| #define PACKAGE_VERSION "2.12.12"
| #define PACKAGE_STRING "GnuTLS 2.12.12"
| #define PACKAGE_BUGREPORT "bug-gnutls@gnu.org"
| #define PACKAGE_URL ""
| #define PACKAGE "gnutls"
| #define VERSION "2.12.12"
| /* end confdefs.h.  */
| #include <ac_nonexistent.h>
configure:5676: checking for grep that handles long lines and -e
configure:5734: result: /usr/bin/grep
configure:5739: checking for egrep
configure:5801: result: /usr/bin/grep -E
configure:5808: checking for Minix Amsterdam compiler
configure:5832: result: no
configure:5884: checking for ar
configure:5900: found /usr/bin/ar
configure:5911: result: ar
configure:5991: checking for ranlib
configure:6007: found /usr/bin/ranlib
configure:6018: result: ranlib
configure:6045: checking whether gcc and cc understand -c and -o together
configure:6076: gcc -c conftest.c -o conftest2.o >&5
configure:6080: $? = 0
configure:6086: gcc -c conftest.c -o conftest2.o >&5
configure:6090: $? = 0
configure:6101: cc -c conftest.c >&5
configure:6105: $? = 0
configure:6113: cc -c conftest.c -o conftest2.o >&5
configure:6117: $? = 0
configure:6123: cc -c conftest.c -o conftest2.o >&5
configure:6127: $? = 0
configure:6145: result: yes
configure:6174: checking build system type
configure:6188: result: x86_64-apple-darwin13.0.0
configure:6208: checking host system type
configure:6221: result: x86_64-apple-darwin13.0.0
configure:6241: checking for ANSI C header files
configure:6261: gcc -c -m64  conftest.c >&5
configure:6261: $? = 0
configure:6334: gcc -o conftest -m64   conftest.c  >&5
configure:6334: $? = 0
configure:6334: ./conftest
configure:6334: $? = 0
configure:6345: result: yes
configure:6358: checking for sys/types.h
configure:6358: gcc -c -m64  conftest.c >&5
configure:6358: $? = 0
configure:6358: result: yes
configure:6358: checking for sys/stat.h
configure:6358: gcc -c -m64  conftest.c >&5
configure:6358: $? = 0
configure:6358: result: yes
configure:6358: checking for stdlib.h
configure:6358: gcc -c -m64  conftest.c >&5
configure:6358: $? = 0
configure:6358: result: yes
configure:6358: checking for string.h
configure:6358: gcc -c -m64  conftest.c >&5
configure:6358: $? = 0
configure:6358: result: yes
configure:6358: checking for memory.h
configure:6358: gcc -c -m64  conftest.c >&5
configure:6358: $? = 0
configure:6358: result: yes
configure:6358: checking for strings.h
configure:6358: gcc -c -m64  conftest.c >&5
configure:6358: $? = 0
configure:6358: result: yes
configure:6358: checking for inttypes.h
configure:6358: gcc -c -m64  conftest.c >&5
configure:6358: $? = 0
configure:6358: result: yes
configure:6358: checking for stdint.h
configure:6358: gcc -c -m64  conftest.c >&5
configure:6358: $? = 0
configure:6358: result: yes
configure:6358: checking for unistd.h
configure:6358: gcc -c -m64  conftest.c >&5
configure:6358: $? = 0
configure:6358: result: yes
configure:6373: checking minix/config.h usability
configure:6373: gcc -c -m64  conftest.c >&5
conftest.c:54:10: fatal error: 'minix/config.h' file not found
#include <minix/config.h>
         ^
1 error generated.
configure:6373: $? = 1
configure: failed program was:
| /* confdefs.h */
| #define PACKAGE_NAME "GnuTLS"
| #define PACKAGE_TARNAME "gnutls"
| #define PACKAGE_VERSION "2.12.12"
| #define PACKAGE_STRING "GnuTLS 2.12.12"
| #define PACKAGE_BUGREPORT "bug-gnutls@gnu.org"
| #define PACKAGE_URL ""
| #define PACKAGE "gnutls"
| #define VERSION "2.12.12"
| #define STDC_HEADERS 1
| #define HAVE_SYS_TYPES_H 1
| #define HAVE_SYS_STAT_H 1
| #define HAVE_STDLIB_H 1
| #define HAVE_STRING_H 1
| #define HAVE_MEMORY_H 1
| #define HAVE_STRINGS_H 1
| #define HAVE_INTTYPES_H 1
| #define HAVE_STDINT_H 1
| #define HAVE_UNISTD_H 1
| /* end confdefs.h.  */
| #include <stdio.h>
| #ifdef HAVE_SYS_TYPES_H
| # include <sys/types.h>
| #endif
| #ifdef HAVE_SYS_STAT_H
| # include <sys/stat.h>
| #endif
| #ifdef STDC_HEADERS
| # include <stdlib.h>
| # include <stddef.h>
| #else
| # ifdef HAVE_STDLIB_H
| #  include <stdlib.h>
| # endif
| #endif
| #ifdef HAVE_STRING_H
| # if !defined STDC_HEADERS && defined HAVE_MEMORY_H
| #  include <memory.h>
| # endif
| # include <string.h>
| #endif
| #ifdef HAVE_STRINGS_H
| # include <strings.h>
| #endif
| #ifdef HAVE_INTTYPES_H
| # include <inttypes.h>
| #endif
| #ifdef HAVE_STDINT_H
| # include <stdint.h>
| #endif
| #ifdef HAVE_UNISTD_H
| # include <unistd.h>
| #endif
| #include <minix/config.h>
configure:6373: result: no
configure:6373: checking minix/config.h presence
configure:6373: gcc -E  conftest.c
conftest.c:21:10: fatal error: 'minix/config.h' file not found
#include <minix/config.h>
         ^
1 error generated.
configure:6373: $? = 1
configure: failed program was:
| /* confdefs.h */
| #define PACKAGE_NAME "GnuTLS"
| #define PACKAGE_TARNAME "gnutls"
| #define PACKAGE_VERSION "2.12.12"
| #define PACKAGE_STRING "GnuTLS 2.12.12"
| #define PACKAGE_BUGREPORT "bug-gnutls@gnu.org"
| #define PACKAGE_URL ""
| #define PACKAGE "gnutls"
| #define VERSION "2.12.12"
| #define STDC_HEADERS 1
| #define HAVE_SYS_TYPES_H 1
| #define HAVE_SYS_STAT_H 1
| #define HAVE_STDLIB_H 1
| #define HAVE_STRING_H 1
| #define HAVE_MEMORY_H 1
| #define HAVE_STRINGS_H 1
| #define HAVE_INTTYPES_H 1
| #define HAVE_STDINT_H 1
| #define HAVE_UNISTD_H 1
| /* end confdefs.h.  */
| #include <minix/config.h>
configure:6373: result: no
configure:6373: checking for minix/config.h
configure:6373: result: no
configure:6402: checking whether it is safe to define __EXTENSIONS__
configure:6420: gcc -c -m64  conftest.c >&5
configure:6420: $? = 0
configure:6427: result: yes
configure:6476: checking for _LARGEFILE_SOURCE value needed for large files
configure:6495: gcc -o conftest -m64   conftest.c  >&5
configure:6495: $? = 0
configure:6523: result: no
configure:6551: checking for special C compiler options needed for large files
configure:6596: result: no
configure:6602: checking for _FILE_OFFSET_BITS value needed for large files
configure:6627: gcc -c -m64  conftest.c >&5
configure:6627: $? = 0
configure:6659: result: no
configure:6748: checking for gcc option to accept ISO C99
configure:6897: gcc  -c -m64  conftest.c >&5
configure:6897: $? = 0
configure:6910: result: none needed
configure:7019: checking for gcc option to accept ISO Standard C
configure:7030: result: none needed
configure:7105: autobuild project... GnuTLS
configure:7111: autobuild revision... 2.12.12
configure:7116: autobuild hostname... zainib.olin.edu
configure:7127: autobuild timestamp... 20140213T162833Z
configure:7347: checking for inline
configure:7363: gcc -c -m64  conftest.c >&5
configure:7363: $? = 0
configure:7371: result: inline
configure:7449: checking for g++
configure:7465: found /usr/bin/g++
configure:7476: result: g++
configure:7503: checking for C++ compiler version
configure:7512: g++ --version >&5
Apple LLVM version 5.0 (clang-500.2.79) (based on LLVM 3.3svn)
Target: x86_64-apple-darwin13.0.0
Thread model: posix
Configured with: --prefix=/Applications/Xcode.app/Contents/Developer/usr --with-gxx-include-dir=/Applications/Xcode.app/Contents/Developer/Platforms/MacOSX.platform/Developer/SDKs/MacOSX10.9.sdk/usr/include/c++/4.2.1
configure:7523: $? = 0
configure:7512: g++ -v >&5
Configured with: --prefix=/Applications/Xcode.app/Contents/Developer/usr --with-gxx-include-dir=/Applications/Xcode.app/Contents/Developer/Platforms/MacOSX.platform/Developer/SDKs/MacOSX10.9.sdk/usr/include/c++/4.2.1
Apple LLVM version 5.0 (clang-500.2.79) (based on LLVM 3.3svn)
Target: x86_64-apple-darwin13.0.0
Thread model: posix
configure:7523: $? = 0
configure:7512: g++ -V >&5
clang: error: argument to '-V' is missing (expected 1 value)
clang: error: no input files
configure:7523: $? = 1
configure:7512: g++ -qversion >&5
clang: error: no input files
configure:7523: $? = 1
configure:7527: checking whether we are using the GNU C++ compiler
configure:7546: g++ -c   conftest.cpp >&5
configure:7546: $? = 0
configure:7555: result: yes
configure:7564: checking whether g++ accepts -g
configure:7584: g++ -c -g  conftest.cpp >&5
configure:7584: $? = 0
configure:7625: result: yes
configure:7650: checking dependency style of g++
configure:7760: result: gcc3
configure:7801: g++ -c -g -O2  conftest.cpp >&5
configure:7801: $? = 0
configure:7870: checking for ld used by GCC
configure:7934: result: /Applications/Xcode.app/Contents/Developer/Toolchains/XcodeDefault.xctoolchain/usr/bin/ld
configure:7941: checking if the linker (/Applications/Xcode.app/Contents/Developer/Toolchains/XcodeDefault.xctoolchain/usr/bin/ld) is GNU ld
configure:7954: result: no
configure:7961: checking for shared library run path origin
configure:7974: result: done
configure:8661: checking whether to use nettle
configure:8664: result: yes
configure:9159: checking for libnettle
configure:9181: gcc -o conftest -m64   conftest.c  -lnettle >&5
conftest.c:28:10: fatal error: 'nettle/aes.h' file not found
#include <nettle/aes.h>
         ^
1 error generated.
configure:9181: $? = 1
configure: failed program was:
| /* confdefs.h */
| #define PACKAGE_NAME "GnuTLS"
| #define PACKAGE_TARNAME "gnutls"
| #define PACKAGE_VERSION "2.12.12"
| #define PACKAGE_STRING "GnuTLS 2.12.12"
| #define PACKAGE_BUGREPORT "bug-gnutls@gnu.org"
| #define PACKAGE_URL ""
| #define PACKAGE "gnutls"
| #define VERSION "2.12.12"
| #define STDC_HEADERS 1
| #define HAVE_SYS_TYPES_H 1
| #define HAVE_SYS_STAT_H 1
| #define HAVE_STDLIB_H 1
| #define HAVE_STRING_H 1
| #define HAVE_MEMORY_H 1
| #define HAVE_STRINGS_H 1
| #define HAVE_INTTYPES_H 1
| #define HAVE_STDINT_H 1
| #define HAVE_UNISTD_H 1
| #define __EXTENSIONS__ 1
| #define _ALL_SOURCE 1
| #define _DARWIN_C_SOURCE 1
| #define _GNU_SOURCE 1
| #define _POSIX_PTHREAD_SEMANTICS 1
| #define _TANDEM_SOURCE 1
| #define HAVE_FSEEKO 1
| /* end confdefs.h.  */
| #include <nettle/aes.h>
| int
| main ()
| {
| nettle_aes_invert_key (0, 0)
|   ;
|   return 0;
| }
configure:9191: result: no
configure:9217: error: 
  ***
  *** Libnettle 2.1 was not found.
  

## ---------------- ##
## Cache variables. ##
## ---------------- ##

ac_cv_build=x86_64-apple-darwin13.0.0
ac_cv_c_compiler_gnu=yes
ac_cv_c_inline=inline
ac_cv_cxx_compiler_gnu=yes
ac_cv_env_CCC_set=
ac_cv_env_CCC_value=
ac_cv_env_CC_set=
ac_cv_env_CC_value=
ac_cv_env_CFLAGS_set=set
ac_cv_env_CFLAGS_value=-m64
ac_cv_env_CPPFLAGS_set=
ac_cv_env_CPPFLAGS_value=
ac_cv_env_CPP_set=
ac_cv_env_CPP_value=
ac_cv_env_CXXCPP_set=
ac_cv_env_CXXCPP_value=
ac_cv_env_CXXFLAGS_set=
ac_cv_env_CXXFLAGS_value=
ac_cv_env_CXX_set=
ac_cv_env_CXX_value=
ac_cv_env_LDFLAGS_set=
ac_cv_env_LDFLAGS_value=
ac_cv_env_LIBS_set=
ac_cv_env_LIBS_value=
ac_cv_env_P11_KIT_CFLAGS_set=
ac_cv_env_P11_KIT_CFLAGS_value=
ac_cv_env_P11_KIT_LIBS_set=
ac_cv_env_P11_KIT_LIBS_value=
ac_cv_env_PKG_CONFIG_set=
ac_cv_env_PKG_CONFIG_value=
ac_cv_env_build_alias_set=
ac_cv_env_build_alias_value=
ac_cv_env_host_alias_set=
ac_cv_env_host_alias_value=
ac_cv_env_target_alias_set=
ac_cv_env_target_alias_value=
ac_cv_header_inttypes_h=yes
ac_cv_header_memory_h=yes
ac_cv_header_minix_config_h=no
ac_cv_header_stdc=yes
ac_cv_header_stdint_h=yes
ac_cv_header_stdlib_h=yes
ac_cv_header_string_h=yes
ac_cv_header_strings_h=yes
ac_cv_header_sys_stat_h=yes
ac_cv_header_sys_types_h=yes
ac_cv_header_unistd_h=yes
ac_cv_host=x86_64-apple-darwin13.0.0
ac_cv_libnettle=no
ac_cv_objext=o
ac_cv_path_EGREP='/usr/bin/grep -E'
ac_cv_path_GREP=/usr/bin/grep
ac_cv_path_install='/usr/bin/install -c'
ac_cv_prog_AWK=awk
ac_cv_prog_CPP='gcc -E'
ac_cv_prog_ac_ct_AR=ar
ac_cv_prog_ac_ct_CC=gcc
ac_cv_prog_ac_ct_CXX=g++
ac_cv_prog_ac_ct_RANLIB=ranlib
ac_cv_prog_cc_c89=
ac_cv_prog_cc_c99=
ac_cv_prog_cc_g=yes
ac_cv_prog_cc_gcc_c_o=yes
ac_cv_prog_cc_stdc=
ac_cv_prog_cxx_g=yes
ac_cv_prog_make_make_set=yes
ac_cv_safe_to_define___extensions__=yes
ac_cv_sys_file_offset_bits=no
ac_cv_sys_largefile_CC=no
ac_cv_sys_largefile_source=no
acl_cv_hardcode_direct=no
acl_cv_hardcode_libdir_flag_spec=
acl_cv_hardcode_libdir_separator=
acl_cv_hardcode_minus_L=no
acl_cv_libext=a
acl_cv_libname_spec='lib$name'
acl_cv_library_names_spec='$libname$shrext'
acl_cv_path_LD=/Applications/Xcode.app/Contents/Developer/Toolchains/XcodeDefault.xctoolchain/usr/bin/ld
acl_cv_prog_gnu_ld=no
acl_cv_rpath=done
acl_cv_shlibext=dylib
acl_cv_wl=-Wl,
am_cv_CC_dependencies_compiler_type=gcc3
am_cv_CXX_dependencies_compiler_type=gcc3
gl_cv_c_amsterdam_compiler=no

## ----------------- ##
## Output variables. ##
## ----------------- ##

ACLOCAL='${SHELL} /Users/rachel/code/softsys/SoftwareSystems/hw02/wget-1.15/gmp-5.0.2/gnutls-2.12.12/build-aux/missing --run aclocal-1.11'
ALLOCA=''
ALLOCA_H=''
AMDEPBACKSLASH='\'
AMDEP_FALSE='#'
AMDEP_TRUE=''
AMTAR='${SHELL} /Users/rachel/code/softsys/SoftwareSystems/hw02/wget-1.15/gmp-5.0.2/gnutls-2.12.12/build-aux/missing --run tar'
AM_BACKSLASH='\'
AM_DEFAULT_VERBOSITY='0'
APPLE_UNIVERSAL_BUILD=''
AR='ar'
ARFLAGS='cru'
AS=''
AUTOCONF='${SHELL} /Users/rachel/code/softsys/SoftwareSystems/hw02/wget-1.15/gmp-5.0.2/gnutls-2.12.12/build-aux/missing --run autoconf'
AUTOHEADER='${SHELL} /Users/rachel/code/softsys/SoftwareSystems/hw02/wget-1.15/gmp-5.0.2/gnutls-2.12.12/build-aux/missing --run autoheader'
AUTOMAKE='${SHELL} /Users/rachel/code/softsys/SoftwareSystems/hw02/wget-1.15/gmp-5.0.2/gnutls-2.12.12/build-aux/missing --run automake-1.11'
AWK='awk'
BITSIZEOF_PTRDIFF_T=''
BITSIZEOF_SIG_ATOMIC_T=''
BITSIZEOF_SIZE_T=''
BITSIZEOF_WCHAR_T=''
BITSIZEOF_WINT_T=''
CC='gcc'
CCDEPMODE='depmode=gcc3'
CFLAGS='-m64'
CONFIG_INCLUDE=''
CPP='gcc -E'
CPPFLAGS=''
CXX='g++'
CXXCPP=''
CXXDEPMODE='depmode=gcc3'
CXXFLAGS='-g -O2'
CXX_LT_AGE='0'
CXX_LT_CURRENT='27'
CXX_LT_REVISION='0'
CYGPATH_W='echo'
DEFS=''
DEPDIR='.deps'
DLLTOOL=''
DLL_VERSION='26'
DSYMUTIL=''
DUMPBIN=''
ECHO_C='\c'
ECHO_N=''
ECHO_T=''
EGREP='/usr/bin/grep -E'
EMULTIHOP_HIDDEN=''
EMULTIHOP_VALUE=''
ENABLE_ANON_FALSE=''
ENABLE_ANON_TRUE=''
ENABLE_CXX_FALSE='#'
ENABLE_CXX_TRUE=''
ENABLE_GTK_DOC_FALSE=''
ENABLE_GTK_DOC_TRUE='#'
ENABLE_MINITASN1_FALSE=''
ENABLE_MINITASN1_TRUE=''
ENABLE_NETTLE_FALSE=''
ENABLE_NETTLE_TRUE=''
ENABLE_OPENPGP_FALSE=''
ENABLE_OPENPGP_TRUE=''
ENABLE_OPENSSL_FALSE=''
ENABLE_OPENSSL_TRUE=''
ENABLE_OPRFI_FALSE=''
ENABLE_OPRFI_TRUE=''
ENABLE_PKCS11_FALSE=''
ENABLE_PKCS11_TRUE=''
ENABLE_PKI_FALSE=''
ENABLE_PKI_TRUE=''
ENABLE_PSK_FALSE=''
ENABLE_PSK_TRUE=''
ENABLE_SESSION_TICKET_FALSE=''
ENABLE_SESSION_TICKET_TRUE=''
ENABLE_SRP_FALSE=''
ENABLE_SRP_TRUE=''
ENOLINK_HIDDEN=''
ENOLINK_VALUE=''
EOVERFLOW_HIDDEN=''
EOVERFLOW_VALUE=''
ERRNO_H=''
EXEEXT=''
FGREP=''
FLOAT_H=''
GAA=''
GETADDRINFO_LIB=''
GL_COND_LIBTOOL_FALSE=''
GL_COND_LIBTOOL_TRUE=''
GL_GENERATE_ALLOCA_H_FALSE=''
GL_GENERATE_ALLOCA_H_TRUE=''
GL_GENERATE_ERRNO_H_FALSE=''
GL_GENERATE_ERRNO_H_TRUE=''
GL_GENERATE_FLOAT_H_FALSE=''
GL_GENERATE_FLOAT_H_TRUE=''
GL_GENERATE_NETINET_IN_H_FALSE=''
GL_GENERATE_NETINET_IN_H_TRUE=''
GL_GENERATE_STDARG_H_FALSE=''
GL_GENERATE_STDARG_H_TRUE=''
GL_GENERATE_STDBOOL_H_FALSE=''
GL_GENERATE_STDBOOL_H_TRUE=''
GL_GENERATE_STDDEF_H_FALSE=''
GL_GENERATE_STDDEF_H_TRUE=''
GL_GENERATE_STDINT_H_FALSE=''
GL_GENERATE_STDINT_H_TRUE=''
GNULIB_ACCEPT4=''
GNULIB_ACCEPT=''
GNULIB_ATOLL=''
GNULIB_BIND=''
GNULIB_BTOWC=''
GNULIB_CALLOC_POSIX=''
GNULIB_CANONICALIZE_FILE_NAME=''
GNULIB_CHDIR=''
GNULIB_CHOWN=''
GNULIB_CLOSE=''
GNULIB_CONNECT=''
GNULIB_DPRINTF=''
GNULIB_DUP2=''
GNULIB_DUP3=''
GNULIB_DUP=''
GNULIB_ENVIRON=''
GNULIB_EUIDACCESS=''
GNULIB_FACCESSAT=''
GNULIB_FCHDIR=''
GNULIB_FCHMODAT=''
GNULIB_FCHOWNAT=''
GNULIB_FCLOSE=''
GNULIB_FCNTL=''
GNULIB_FDATASYNC=''
GNULIB_FDOPEN=''
GNULIB_FFLUSH=''
GNULIB_FFSL=''
GNULIB_FFSLL=''
GNULIB_FGETC=''
GNULIB_FGETS=''
GNULIB_FOPEN=''
GNULIB_FPRINTF=''
GNULIB_FPRINTF_POSIX=''
GNULIB_FPURGE=''
GNULIB_FPUTC=''
GNULIB_FPUTS=''
GNULIB_FREAD=''
GNULIB_FREOPEN=''
GNULIB_FSCANF=''
GNULIB_FSEEK=''
GNULIB_FSEEKO=''
GNULIB_FSTAT=''
GNULIB_FSTATAT=''
GNULIB_FSYNC=''
GNULIB_FTELL=''
GNULIB_FTELLO=''
GNULIB_FTRUNCATE=''
GNULIB_FUTIMENS=''
GNULIB_FWRITE=''
GNULIB_GETADDRINFO=''
GNULIB_GETC=''
GNULIB_GETCHAR=''
GNULIB_GETCWD=''
GNULIB_GETDELIM=''
GNULIB_GETDOMAINNAME=''
GNULIB_GETDTABLESIZE=''
GNULIB_GETGROUPS=''
GNULIB_GETHOSTNAME=''
GNULIB_GETLINE=''
GNULIB_GETLOADAVG=''
GNULIB_GETLOGIN=''
GNULIB_GETLOGIN_R=''
GNULIB_GETPAGESIZE=''
GNULIB_GETPEERNAME=''
GNULIB_GETS=''
GNULIB_GETSOCKNAME=''
GNULIB_GETSOCKOPT=''
GNULIB_GETSUBOPT=''
GNULIB_GETTIMEOFDAY=''
GNULIB_GETUSERSHELL=''
GNULIB_GRANTPT=''
GNULIB_GROUP_MEMBER=''
GNULIB_IMAXABS=''
GNULIB_IMAXDIV=''
GNULIB_INET_NTOP=''
GNULIB_INET_PTON=''
GNULIB_IOCTL=''
GNULIB_LCHMOD=''
GNULIB_LCHOWN=''
GNULIB_LINK=''
GNULIB_LINKAT=''
GNULIB_LISTEN=''
GNULIB_LSEEK=''
GNULIB_LSTAT=''
GNULIB_MALLOC_POSIX=''
GNULIB_MBRLEN=''
GNULIB_MBRTOWC=''
GNULIB_MBSCASECMP=''
GNULIB_MBSCASESTR=''
GNULIB_MBSCHR=''
GNULIB_MBSCSPN=''
GNULIB_MBSINIT=''
GNULIB_MBSLEN=''
GNULIB_MBSNCASECMP=''
GNULIB_MBSNLEN=''
GNULIB_MBSNRTOWCS=''
GNULIB_MBSPBRK=''
GNULIB_MBSPCASECMP=''
GNULIB_MBSRCHR=''
GNULIB_MBSRTOWCS=''
GNULIB_MBSSEP=''
GNULIB_MBSSPN=''
GNULIB_MBSSTR=''
GNULIB_MBSTOK_R=''
GNULIB_MBTOWC=''
GNULIB_MEMCHR=''
GNULIB_MEMMEM=''
GNULIB_MEMPCPY=''
GNULIB_MEMRCHR=''
GNULIB_MKDIRAT=''
GNULIB_MKDTEMP=''
GNULIB_MKFIFO=''
GNULIB_MKFIFOAT=''
GNULIB_MKNOD=''
GNULIB_MKNODAT=''
GNULIB_MKOSTEMP=''
GNULIB_MKOSTEMPS=''
GNULIB_MKSTEMP=''
GNULIB_MKSTEMPS=''
GNULIB_MKTIME=''
GNULIB_NANOSLEEP=''
GNULIB_NONBLOCKING=''
GNULIB_OBSTACK_PRINTF=''
GNULIB_OBSTACK_PRINTF_POSIX=''
GNULIB_OPEN=''
GNULIB_OPENAT=''
GNULIB_PCLOSE=''
GNULIB_PERROR=''
GNULIB_PIPE2=''
GNULIB_PIPE=''
GNULIB_POPEN=''
GNULIB_PREAD=''
GNULIB_PRINTF=''
GNULIB_PRINTF_POSIX=''
GNULIB_PSELECT=''
GNULIB_PTHREAD_SIGMASK=''
GNULIB_PTSNAME=''
GNULIB_PUTC=''
GNULIB_PUTCHAR=''
GNULIB_PUTENV=''
GNULIB_PUTS=''
GNULIB_PWRITE=''
GNULIB_RAISE=''
GNULIB_RANDOM_R=''
GNULIB_RAWMEMCHR=''
GNULIB_READ=''
GNULIB_READLINK=''
GNULIB_READLINKAT=''
GNULIB_REALLOC_POSIX=''
GNULIB_REALPATH=''
GNULIB_RECV=''
GNULIB_RECVFROM=''
GNULIB_REMOVE=''
GNULIB_RENAME=''
GNULIB_RENAMEAT=''
GNULIB_RMDIR=''
GNULIB_RPMATCH=''
GNULIB_SCANF=''
GNULIB_SELECT=''
GNULIB_SEND=''
GNULIB_SENDTO=''
GNULIB_SETENV=''
GNULIB_SETSOCKOPT=''
GNULIB_SHUTDOWN=''
GNULIB_SIGACTION=''
GNULIB_SIGNAL_H_SIGPIPE=''
GNULIB_SIGPROCMASK=''
GNULIB_SLEEP=''
GNULIB_SNPRINTF=''
GNULIB_SOCKET=''
GNULIB_SPRINTF_POSIX=''
GNULIB_STAT=''
GNULIB_STDIO_H_NONBLOCKING=''
GNULIB_STDIO_H_SIGPIPE=''
GNULIB_STPCPY=''
GNULIB_STPNCPY=''
GNULIB_STRCASESTR=''
GNULIB_STRCHRNUL=''
GNULIB_STRDUP=''
GNULIB_STRERROR=''
GNULIB_STRERROR_R=''
GNULIB_STRNCAT=''
GNULIB_STRNDUP=''
GNULIB_STRNLEN=''
GNULIB_STRPBRK=''
GNULIB_STRPTIME=''
GNULIB_STRSEP=''
GNULIB_STRSIGNAL=''
GNULIB_STRSTR=''
GNULIB_STRTOD=''
GNULIB_STRTOIMAX=''
GNULIB_STRTOK_R=''
GNULIB_STRTOLL=''
GNULIB_STRTOULL=''
GNULIB_STRTOUMAX=''
GNULIB_STRVERSCMP=''
GNULIB_SYMLINK=''
GNULIB_SYMLINKAT=''
GNULIB_SYSTEM_POSIX=''
GNULIB_TIMEGM=''
GNULIB_TIME_R=''
GNULIB_TMPFILE=''
GNULIB_TTYNAME_R=''
GNULIB_UNISTD_H_GETOPT=''
GNULIB_UNISTD_H_NONBLOCKING=''
GNULIB_UNISTD_H_SIGPIPE=''
GNULIB_UNLINK=''
GNULIB_UNLINKAT=''
GNULIB_UNLOCKPT=''
GNULIB_UNSETENV=''
GNULIB_USLEEP=''
GNULIB_UTIMENSAT=''
GNULIB_VASPRINTF=''
GNULIB_VDPRINTF=''
GNULIB_VFPRINTF=''
GNULIB_VFPRINTF_POSIX=''
GNULIB_VFSCANF=''
GNULIB_VPRINTF=''
GNULIB_VPRINTF_POSIX=''
GNULIB_VSCANF=''
GNULIB_VSNPRINTF=''
GNULIB_VSPRINTF_POSIX=''
GNULIB_WCPCPY=''
GNULIB_WCPNCPY=''
GNULIB_WCRTOMB=''
GNULIB_WCSCASECMP=''
GNULIB_WCSCAT=''
GNULIB_WCSCHR=''
GNULIB_WCSCMP=''
GNULIB_WCSCOLL=''
GNULIB_WCSCPY=''
GNULIB_WCSCSPN=''
GNULIB_WCSDUP=''
GNULIB_WCSLEN=''
GNULIB_WCSNCASECMP=''
GNULIB_WCSNCAT=''
GNULIB_WCSNCMP=''
GNULIB_WCSNCPY=''
GNULIB_WCSNLEN=''
GNULIB_WCSNRTOMBS=''
GNULIB_WCSPBRK=''
GNULIB_WCSRCHR=''
GNULIB_WCSRTOMBS=''
GNULIB_WCSSPN=''
GNULIB_WCSSTR=''
GNULIB_WCSTOK=''
GNULIB_WCSWIDTH=''
GNULIB_WCSXFRM=''
GNULIB_WCTOB=''
GNULIB_WCTOMB=''
GNULIB_WCWIDTH=''
GNULIB_WMEMCHR=''
GNULIB_WMEMCMP=''
GNULIB_WMEMCPY=''
GNULIB_WMEMMOVE=''
GNULIB_WMEMSET=''
GNULIB_WRITE=''
GNULIB__EXIT=''
GREP='/usr/bin/grep'
GTKDOC_CHECK=''
GTKDOC_MKPDF=''
GTKDOC_REBASE='true'
GTK_DOC_BUILD_HTML_FALSE='#'
GTK_DOC_BUILD_HTML_TRUE=''
GTK_DOC_BUILD_PDF_FALSE=''
GTK_DOC_BUILD_PDF_TRUE='#'
GTK_DOC_USE_LIBTOOL_FALSE=''
GTK_DOC_USE_LIBTOOL_TRUE='#'
GTK_DOC_USE_REBASE_FALSE='#'
GTK_DOC_USE_REBASE_TRUE=''
GUILE=''
GUILE_CFLAGS=''
GUILE_CONFIG=''
GUILE_LDFLAGS=''
GUILE_SITE=''
GUILE_TOOLS=''
HAVE_ACCEPT4=''
HAVE_ARPA_INET_H=''
HAVE_ATOLL=''
HAVE_BTOWC=''
HAVE_CANONICALIZE_FILE_NAME=''
HAVE_CHOWN=''
HAVE_DECL_ENVIRON=''
HAVE_DECL_FCHDIR=''
HAVE_DECL_FDATASYNC=''
HAVE_DECL_FPURGE=''
HAVE_DECL_FREEADDRINFO=''
HAVE_DECL_FSEEKO=''
HAVE_DECL_FTELLO=''
HAVE_DECL_GAI_STRERROR=''
HAVE_DECL_GETADDRINFO=''
HAVE_DECL_GETDELIM=''
HAVE_DECL_GETDOMAINNAME=''
HAVE_DECL_GETLINE=''
HAVE_DECL_GETLOADAVG=''
HAVE_DECL_GETLOGIN_R=''
HAVE_DECL_GETNAMEINFO=''
HAVE_DECL_GETPAGESIZE=''
HAVE_DECL_GETUSERSHELL=''
HAVE_DECL_IMAXABS=''
HAVE_DECL_IMAXDIV=''
HAVE_DECL_INET_NTOP=''
HAVE_DECL_INET_PTON=''
HAVE_DECL_LOCALTIME_R=''
HAVE_DECL_MEMMEM=''
HAVE_DECL_MEMRCHR=''
HAVE_DECL_OBSTACK_PRINTF=''
HAVE_DECL_SETENV=''
HAVE_DECL_SNPRINTF=''
HAVE_DECL_STRDUP=''
HAVE_DECL_STRERROR_R=''
HAVE_DECL_STRNDUP=''
HAVE_DECL_STRNLEN=''
HAVE_DECL_STRSIGNAL=''
HAVE_DECL_STRTOIMAX=''
HAVE_DECL_STRTOK_R=''
HAVE_DECL_STRTOUMAX=''
HAVE_DECL_TTYNAME_R=''
HAVE_DECL_UNSETENV=''
HAVE_DECL_VSNPRINTF=''
HAVE_DECL_WCTOB=''
HAVE_DECL_WCWIDTH=''
HAVE_DPRINTF=''
HAVE_DUP2=''
HAVE_DUP3=''
HAVE_EUIDACCESS=''
HAVE_FACCESSAT=''
HAVE_FCHDIR=''
HAVE_FCHMODAT=''
HAVE_FCHOWNAT=''
HAVE_FCNTL=''
HAVE_FDATASYNC=''
HAVE_FEATURES_H=''
HAVE_FFSL=''
HAVE_FFSLL=''
HAVE_FORK_FALSE=''
HAVE_FORK_TRUE=''
HAVE_FSEEKO=''
HAVE_FSTATAT=''
HAVE_FSYNC=''
HAVE_FTELLO=''
HAVE_FTRUNCATE=''
HAVE_FUTIMENS=''
HAVE_GCC_FALSE=''
HAVE_GCC_GNU89_INLINE_OPTION_FALSE=''
HAVE_GCC_GNU89_INLINE_OPTION_TRUE=''
HAVE_GCC_TRUE=''
HAVE_GETDTABLESIZE=''
HAVE_GETGROUPS=''
HAVE_GETHOSTNAME=''
HAVE_GETLOGIN=''
HAVE_GETPAGESIZE=''
HAVE_GETSUBOPT=''
HAVE_GETTIMEOFDAY=''
HAVE_GRANTPT=''
HAVE_GROUP_MEMBER=''
HAVE_GUILE_FALSE=''
HAVE_GUILE_TRUE=''
HAVE_INTTYPES_H=''
HAVE_LCHMOD=''
HAVE_LCHOWN=''
HAVE_LIBCFG_FALSE=''
HAVE_LIBCFG_TRUE=''
HAVE_LIBGCRYPT=''
HAVE_LIBNETTLE='no'
HAVE_LIBTASN1=''
HAVE_LINK=''
HAVE_LINKAT=''
HAVE_LONG_LONG_INT=''
HAVE_LSTAT=''
HAVE_MBRLEN=''
HAVE_MBRTOWC=''
HAVE_MBSINIT=''
HAVE_MBSLEN=''
HAVE_MBSNRTOWCS=''
HAVE_MBSRTOWCS=''
HAVE_MEMCHR=''
HAVE_MEMPCPY=''
HAVE_MKDIRAT=''
HAVE_MKDTEMP=''
HAVE_MKFIFO=''
HAVE_MKFIFOAT=''
HAVE_MKNOD=''
HAVE_MKNODAT=''
HAVE_MKOSTEMP=''
HAVE_MKOSTEMPS=''
HAVE_MKSTEMP=''
HAVE_MKSTEMPS=''
HAVE_MSVC_INVALID_PARAMETER_HANDLER=''
HAVE_NANOSLEEP=''
HAVE_NETDB_H=''
HAVE_NETINET_IN_H=''
HAVE_OPENAT=''
HAVE_OS_H=''
HAVE_PCLOSE=''
HAVE_PIPE2=''
HAVE_PIPE=''
HAVE_POPEN=''
HAVE_POSIX_SIGNALBLOCKING=''
HAVE_PREAD=''
HAVE_PSELECT=''
HAVE_PTHREAD_SIGMASK=''
HAVE_PTSNAME=''
HAVE_PWRITE=''
HAVE_RAISE=''
HAVE_RANDOM_H=''
HAVE_RANDOM_R=''
HAVE_RAWMEMCHR=''
HAVE_READLINK=''
HAVE_READLINKAT=''
HAVE_REALPATH=''
HAVE_RENAMEAT=''
HAVE_RPMATCH=''
HAVE_SA_FAMILY_T=''
HAVE_SETENV=''
HAVE_SIGACTION=''
HAVE_SIGHANDLER_T=''
HAVE_SIGINFO_T=''
HAVE_SIGNED_SIG_ATOMIC_T=''
HAVE_SIGNED_WCHAR_T=''
HAVE_SIGNED_WINT_T=''
HAVE_SIGSET_T=''
HAVE_SLEEP=''
HAVE_STDINT_H=''
HAVE_STPCPY=''
HAVE_STPNCPY=''
HAVE_STRCASESTR=''
HAVE_STRCHRNUL=''
HAVE_STRPBRK=''
HAVE_STRPTIME=''
HAVE_STRSEP=''
HAVE_STRTOD=''
HAVE_STRTOLL=''
HAVE_STRTOULL=''
HAVE_STRUCT_ADDRINFO=''
HAVE_STRUCT_RANDOM_DATA=''
HAVE_STRUCT_SIGACTION_SA_SIGACTION=''
HAVE_STRUCT_SOCKADDR_STORAGE=''
HAVE_STRUCT_SOCKADDR_STORAGE_SS_FAMILY=''
HAVE_STRUCT_TIMEVAL=''
HAVE_STRVERSCMP=''
HAVE_SYMLINK=''
HAVE_SYMLINKAT=''
HAVE_SYS_BITYPES_H=''
HAVE_SYS_INTTYPES_H=''
HAVE_SYS_IOCTL_H=''
HAVE_SYS_LOADAVG_H=''
HAVE_SYS_PARAM_H=''
HAVE_SYS_SELECT_H=''
HAVE_SYS_SOCKET_H=''
HAVE_SYS_TIME_H=''
HAVE_SYS_TYPES_H=''
HAVE_SYS_UIO_H=''
HAVE_TIMEGM=''
HAVE_TYPE_VOLATILE_SIG_ATOMIC_T=''
HAVE_UNISTD_H=''
HAVE_UNLINKAT=''
HAVE_UNLOCKPT=''
HAVE_UNSIGNED_LONG_LONG_INT=''
HAVE_USLEEP=''
HAVE_UTIMENSAT=''
HAVE_VASPRINTF=''
HAVE_VDPRINTF=''
HAVE_WCHAR_H=''
HAVE_WCHAR_T=''
HAVE_WCPCPY=''
HAVE_WCPNCPY=''
HAVE_WCRTOMB=''
HAVE_WCSCASECMP=''
HAVE_WCSCAT=''
HAVE_WCSCHR=''
HAVE_WCSCMP=''
HAVE_WCSCOLL=''
HAVE_WCSCPY=''
HAVE_WCSCSPN=''
HAVE_WCSDUP=''
HAVE_WCSLEN=''
HAVE_WCSNCASECMP=''
HAVE_WCSNCAT=''
HAVE_WCSNCMP=''
HAVE_WCSNCPY=''
HAVE_WCSNLEN=''
HAVE_WCSNRTOMBS=''
HAVE_WCSPBRK=''
HAVE_WCSRCHR=''
HAVE_WCSRTOMBS=''
HAVE_WCSSPN=''
HAVE_WCSSTR=''
HAVE_WCSTOK=''
HAVE_WCSWIDTH=''
HAVE_WCSXFRM=''
HAVE_WINSOCK2_H=''
HAVE_WINT_T=''
HAVE_WMEMCHR=''
HAVE_WMEMCMP=''
HAVE_WMEMCPY=''
HAVE_WMEMMOVE=''
HAVE_WMEMSET=''
HAVE_WS2TCPIP_H=''
HAVE__BOOL=''
HAVE__EXIT=''
HOSTENT_LIB=''
HTML_DIR='${datadir}/gtk-doc/html'
INCLUDE_NEXT=''
INCLUDE_NEXT_AS_FIRST_DIRECTIVE=''
INET_NTOP_LIB=''
INET_PTON_LIB=''
INSTALL_DATA='${INSTALL} -m 644'
INSTALL_PROGRAM='${INSTALL}'
INSTALL_SCRIPT='${INSTALL}'
INSTALL_STRIP_PROGRAM='$(install_sh) -c -s'
INT32_MAX_LT_INTMAX_MAX=''
INT64_MAX_EQ_LONG_MAX=''
LD='/Applications/Xcode.app/Contents/Developer/Toolchains/XcodeDefault.xctoolchain/usr/bin/ld'
LDFLAGS=''
LIBGCRYPT=''
LIBGCRYPT_PREFIX=''
LIBINTL=''
LIBMULTITHREAD=''
LIBNETTLE=''
LIBNETTLE_PREFIX=''
LIBOBJS=''
LIBPTH=''
LIBPTH_PREFIX=''
LIBREADLINE=''
LIBS=''
LIBSOCKET=''
LIBTASN1=''
LIBTASN1_PREFIX=''
LIBTESTS_LIBDEPS=''
LIBTHREAD=''
LIBTOOL=''
LIB_CLOCK_GETTIME=''
LIB_SELECT=''
LIPO=''
LN_S='ln -s'
LTALLOCA=''
LTLIBGCRYPT=''
LTLIBINTL=''
LTLIBMULTITHREAD=''
LTLIBNETTLE=''
LTLIBOBJS=''
LTLIBPTH=''
LTLIBREADLINE=''
LTLIBTASN1=''
LTLIBTHREAD=''
LT_AGE='21'
LT_CURRENT='47'
LT_REVISION='6'
LT_SSL_AGE='0'
LT_SSL_CURRENT='27'
LT_SSL_REVISION='0'
LZO_LIBS=''
MAKEINFO='${SHELL} /Users/rachel/code/softsys/SoftwareSystems/hw02/wget-1.15/gmp-5.0.2/gnutls-2.12.12/build-aux/missing --run makeinfo'
MANIFEST_TOOL=''
MKDIR_P='build-aux/install-sh -c -d'
NETINET_IN_H=''
NETTLE_LIBS=''
NEXT_ARPA_INET_H=''
NEXT_AS_FIRST_DIRECTIVE_ARPA_INET_H=''
NEXT_AS_FIRST_DIRECTIVE_ERRNO_H=''
NEXT_AS_FIRST_DIRECTIVE_FCNTL_H=''
NEXT_AS_FIRST_DIRECTIVE_FLOAT_H=''
NEXT_AS_FIRST_DIRECTIVE_INTTYPES_H=''
NEXT_AS_FIRST_DIRECTIVE_NETDB_H=''
NEXT_AS_FIRST_DIRECTIVE_NETINET_IN_H=''
NEXT_AS_FIRST_DIRECTIVE_SIGNAL_H=''
NEXT_AS_FIRST_DIRECTIVE_STDARG_H=''
NEXT_AS_FIRST_DIRECTIVE_STDDEF_H=''
NEXT_AS_FIRST_DIRECTIVE_STDINT_H=''
NEXT_AS_FIRST_DIRECTIVE_STDIO_H=''
NEXT_AS_FIRST_DIRECTIVE_STDLIB_H=''
NEXT_AS_FIRST_DIRECTIVE_STRING_H=''
NEXT_AS_FIRST_DIRECTIVE_SYS_IOCTL_H=''
NEXT_AS_FIRST_DIRECTIVE_SYS_SELECT_H=''
NEXT_AS_FIRST_DIRECTIVE_SYS_SOCKET_H=''
NEXT_AS_FIRST_DIRECTIVE_SYS_STAT_H=''
NEXT_AS_FIRST_DIRECTIVE_SYS_TIME_H=''
NEXT_AS_FIRST_DIRECTIVE_SYS_TYPES_H=''
NEXT_AS_FIRST_DIRECTIVE_SYS_UIO_H=''
NEXT_AS_FIRST_DIRECTIVE_TIME_H=''
NEXT_AS_FIRST_DIRECTIVE_UNISTD_H=''
NEXT_AS_FIRST_DIRECTIVE_WCHAR_H=''
NEXT_ERRNO_H=''
NEXT_FCNTL_H=''
NEXT_FLOAT_H=''
NEXT_INTTYPES_H=''
NEXT_NETDB_H=''
NEXT_NETINET_IN_H=''
NEXT_SIGNAL_H=''
NEXT_STDARG_H=''
NEXT_STDDEF_H=''
NEXT_STDINT_H=''
NEXT_STDIO_H=''
NEXT_STDLIB_H=''
NEXT_STRING_H=''
NEXT_SYS_IOCTL_H=''
NEXT_SYS_SELECT_H=''
NEXT_SYS_SOCKET_H=''
NEXT_SYS_STAT_H=''
NEXT_SYS_TIME_H=''
NEXT_SYS_TYPES_H=''
NEXT_SYS_UIO_H=''
NEXT_TIME_H=''
NEXT_UNISTD_H=''
NEXT_WCHAR_H=''
NM=''
NMEDIT=''
OBJDUMP=''
OBJEXT='o'
OTOOL64=''
OTOOL=''
P11_KIT_CFLAGS=''
P11_KIT_LIBS=''
PACKAGE='gnutls'
PACKAGE_BUGREPORT='bug-gnutls@gnu.org'
PACKAGE_NAME='GnuTLS'
PACKAGE_STRING='GnuTLS 2.12.12'
PACKAGE_TARNAME='gnutls'
PACKAGE_URL=''
PACKAGE_VERSION='2.12.12'
PATH_SEPARATOR=':'
PKG_CONFIG=''
PMCCABE=''
PRAGMA_COLUMNS=''
PRAGMA_SYSTEM_HEADER=''
PRIPTR_PREFIX=''
PRI_MACROS_BROKEN=''
PTHREAD_H_DEFINES_STRUCT_TIMESPEC=''
PTRDIFF_T_SUFFIX=''
RANLIB='ranlib'
REPLACE_BTOWC=''
REPLACE_CALLOC=''
REPLACE_CANONICALIZE_FILE_NAME=''
REPLACE_CHOWN=''
REPLACE_CLOSE=''
REPLACE_DPRINTF=''
REPLACE_DUP2=''
REPLACE_DUP=''
REPLACE_FCHOWNAT=''
REPLACE_FCLOSE=''
REPLACE_FCNTL=''
REPLACE_FDOPEN=''
REPLACE_FFLUSH=''
REPLACE_FOPEN=''
REPLACE_FPRINTF=''
REPLACE_FPURGE=''
REPLACE_FREOPEN=''
REPLACE_FSEEK=''
REPLACE_FSEEKO=''
REPLACE_FSTAT=''
REPLACE_FSTATAT=''
REPLACE_FTELL=''
REPLACE_FTELLO=''
REPLACE_FUTIMENS=''
REPLACE_GAI_STRERROR=''
REPLACE_GETCWD=''
REPLACE_GETDELIM=''
REPLACE_GETDOMAINNAME=''
REPLACE_GETGROUPS=''
REPLACE_GETLINE=''
REPLACE_GETLOGIN_R=''
REPLACE_GETPAGESIZE=''
REPLACE_GETTIMEOFDAY=''
REPLACE_INET_NTOP=''
REPLACE_INET_PTON=''
REPLACE_IOCTL=''
REPLACE_ITOLD=''
REPLACE_LCHOWN=''
REPLACE_LINK=''
REPLACE_LINKAT=''
REPLACE_LOCALTIME_R=''
REPLACE_LSEEK=''
REPLACE_LSTAT=''
REPLACE_MALLOC=''
REPLACE_MBRLEN=''
REPLACE_MBRTOWC=''
REPLACE_MBSINIT=''
REPLACE_MBSNRTOWCS=''
REPLACE_MBSRTOWCS=''
REPLACE_MBSTATE_T=''
REPLACE_MBTOWC=''
REPLACE_MEMCHR=''
REPLACE_MEMMEM=''
REPLACE_MKDIR=''
REPLACE_MKFIFO=''
REPLACE_MKNOD=''
REPLACE_MKSTEMP=''
REPLACE_MKTIME=''
REPLACE_NANOSLEEP=''
REPLACE_NULL=''
REPLACE_OBSTACK_PRINTF=''
REPLACE_OPEN=''
REPLACE_OPENAT=''
REPLACE_PERROR=''
REPLACE_POPEN=''
REPLACE_PREAD=''
REPLACE_PRINTF=''
REPLACE_PSELECT=''
REPLACE_PTHREAD_SIGMASK=''
REPLACE_PUTENV=''
REPLACE_PWRITE=''
REPLACE_RAISE=''
REPLACE_READ=''
REPLACE_READLINK=''
REPLACE_REALLOC=''
REPLACE_REALPATH=''
REPLACE_REMOVE=''
REPLACE_RENAME=''
REPLACE_RENAMEAT=''
REPLACE_RMDIR=''
REPLACE_SELECT=''
REPLACE_SETENV=''
REPLACE_SLEEP=''
REPLACE_SNPRINTF=''
REPLACE_SPRINTF=''
REPLACE_STAT=''
REPLACE_STDIO_READ_FUNCS=''
REPLACE_STDIO_WRITE_FUNCS=''
REPLACE_STPNCPY=''
REPLACE_STRCASESTR=''
REPLACE_STRCHRNUL=''
REPLACE_STRDUP=''
REPLACE_STRERROR=''
REPLACE_STRERROR_R=''
REPLACE_STRNCAT=''
REPLACE_STRNDUP=''
REPLACE_STRNLEN=''
REPLACE_STRSIGNAL=''
REPLACE_STRSTR=''
REPLACE_STRTOD=''
REPLACE_STRTOK_R=''
REPLACE_SYMLINK=''
REPLACE_TIMEGM=''
REPLACE_TMPFILE=''
REPLACE_TTYNAME_R=''
REPLACE_UNLINK=''
REPLACE_UNLINKAT=''
REPLACE_UNSETENV=''
REPLACE_USLEEP=''
REPLACE_UTIMENSAT=''
REPLACE_VASPRINTF=''
REPLACE_VDPRINTF=''
REPLACE_VFPRINTF=''
REPLACE_VPRINTF=''
REPLACE_VSNPRINTF=''
REPLACE_VSPRINTF=''
REPLACE_WCRTOMB=''
REPLACE_WCSNRTOMBS=''
REPLACE_WCSRTOMBS=''
REPLACE_WCSWIDTH=''
REPLACE_WCTOB=''
REPLACE_WCTOMB=''
REPLACE_WCWIDTH=''
REPLACE_WRITE=''
SED=''
SERVENT_LIB=''
SET_MAKE=''
SHELL='/bin/sh'
SIG_ATOMIC_T_SUFFIX=''
SIZE_T_SUFFIX=''
STDARG_H=''
STDBOOL_H=''
STDDEF_H=''
STDINT_H=''
STRIP=''
SYS_IOCTL_H_HAVE_WINSOCK2_H=''
SYS_IOCTL_H_HAVE_WINSOCK2_H_AND_USE_SOCKETS=''
SYS_TIME_H_DEFINES_STRUCT_TIMESPEC=''
TIME_H_DEFINES_STRUCT_TIMESPEC=''
UINT32_MAX_LT_UINTMAX_MAX=''
UINT64_MAX_EQ_ULONG_MAX=''
UNDEFINE_STRTOK_R=''
UNISTD_H_HAVE_WINSOCK2_H=''
UNISTD_H_HAVE_WINSOCK2_H_AND_USE_SOCKETS=''
USE_LZO_FALSE=''
USE_LZO_TRUE=''
VALGRIND=''
VERSION='2.12.12'
WANT_TEST_SUITE_FALSE=''
WANT_TEST_SUITE_TRUE='#'
WARN_CFLAGS=''
WCHAR_T_SUFFIX=''
WERROR_CFLAGS=''
WINT_T_SUFFIX=''
WSTACK_CFLAGS=''
YIELD_LIB=''
abs_aux_dir=''
ac_ct_AR='ar'
ac_ct_CC='gcc'
ac_ct_CXX='g++'
ac_ct_DUMPBIN=''
am__EXEEXT_FALSE=''
am__EXEEXT_TRUE=''
am__fastdepCC_FALSE='#'
am__fastdepCC_TRUE=''
am__fastdepCXX_FALSE='#'
am__fastdepCXX_TRUE=''
am__include='include'
am__isrc=''
am__leading_dot='.'
am__quote=''
am__tar='${AMTAR} chof - "$$tardir"'
am__untar='${AMTAR} xf -'
bindir='${exec_prefix}/bin'
build='x86_64-apple-darwin13.0.0'
build_alias=''
build_cpu='x86_64'
build_os='darwin13.0.0'
build_vendor='apple'
datadir='${datarootdir}'
datarootdir='${prefix}/share'
docdir='${datarootdir}/doc/${PACKAGE_TARNAME}'
dvidir='${docdir}'
exec_prefix='NONE'
gl_LIBOBJS=''
gl_LTLIBOBJS=''
gltests_LIBOBJS=''
gltests_LTLIBOBJS=''
gltests_WITNESS=''
guile_snarf=''
host='x86_64-apple-darwin13.0.0'
host_alias=''
host_cpu='x86_64'
host_os='darwin13.0.0'
host_vendor='apple'
htmldir='${docdir}'
includedir='${prefix}/include'
infodir='${datarootdir}/info'
install_sh='${SHELL} /Users/rachel/code/softsys/SoftwareSystems/hw02/wget-1.15/gmp-5.0.2/gnutls-2.12.12/build-aux/install-sh'
libdir='${exec_prefix}/lib'
libexecdir='${exec_prefix}/libexec'
localedir='${datarootdir}/locale'
localstatedir='${prefix}/var'
mandir='${datarootdir}/man'
mkdir_p='$(top_builddir)/build-aux/install-sh -c -d'
oldincludedir='/usr/include'
pdfdir='${docdir}'
prefix='/usr/local'
program_transform_name='s,x,x,'
psdir='${docdir}'
sbindir='${exec_prefix}/sbin'
sharedstatedir='${prefix}/com'
subdirs=''
sysconfdir='${prefix}/etc'
target_alias=''

## ----------- ##
## confdefs.h. ##
## ----------- ##

/* confdefs.h */
#define PACKAGE_NAME "GnuTLS"
#define PACKAGE_TARNAME "gnutls"
#define PACKAGE_VERSION "2.12.12"
#define PACKAGE_STRING "GnuTLS 2.12.12"
#define PACKAGE_BUGREPORT "bug-gnutls@gnu.org"
#define PACKAGE_URL ""
#define PACKAGE "gnutls"
#define VERSION "2.12.12"
#define STDC_HEADERS 1
#define HAVE_SYS_TYPES_H 1
#define HAVE_SYS_STAT_H 1
#define HAVE_STDLIB_H 1
#define HAVE_STRING_H 1
#define HAVE_MEMORY_H 1
#define HAVE_STRINGS_H 1
#define HAVE_INTTYPES_H 1
#define HAVE_STDINT_H 1
#define HAVE_UNISTD_H 1
#define __EXTENSIONS__ 1
#define _ALL_SOURCE 1
#define _DARWIN_C_SOURCE 1
#define _GNU_SOURCE 1
#define _POSIX_PTHREAD_SEMANTICS 1
#define _TANDEM_SOURCE 1
#define HAVE_FSEEKO 1

configure: exit 1
